<?xml version="1.0" encoding="UTF-8"?>
<!-- Generated by org.testng.reporters.JUnitReportReporter -->
<testsuite hostname="AGL" failures="0" tests="1" name="com.arena.testcase.TC_NexafmpDealer" time="195.600" errors="0" timestamp="2021-11-30T17:17:28 IST" skipped="0">
  <testcase classname="com.arena.testcase.TC_NexafmpDealer" name="header" time="195.600"/>
  <system-out/>
</testsuite> <!-- com.arena.testcase.TC_NexafmpDealer -->
